<?xml version="1.0" encoding="UTF-8"?>
<!-- Generated by org.testng.reporters.JUnitXMLReporter -->
<testsuite ignored="0" hostname="LAPTOP-H8GD1N65" failures="1" tests="2" name="Default test" time="3.51" errors="0" timestamp="2025-05-04T23:28:37 IST">
  <testcase classname="io.cucumber.testng.AbstractTestNGCucumberTests" name="runScenario" time="3.235">
    <failure type="io.cucumber.java.PendingException" message="TODO: implement me">
      <![CDATA[io.cucumber.java.PendingException: TODO: implement me
at com.ragu.step_definitions.Practice.the_users_try_to_login(Practice.java:43)
at ✽.the users try to login(file:///C:/Users/Ragukumar/eclipse-workspace/ui_cucumber_project/src/test/resources/features/Practice.feature:8)
]]>
    </failure>
  </testcase> <!-- runScenario -->
  <testcase classname="io.cucumber.testng.AbstractTestNGCucumberTests" name="runScenario" time="0.007"/>
</testsuite> <!-- Default test -->
