<?xml version="1.0" encoding="UTF-8"?>
<!-- Generated by org.testng.reporters.JUnitReportReporter -->
<testsuite hostname="LAPTOP-H8GD1N65" failures="0" tests="2" name="Test_Runner.TestNG_TestRunner" time="3.242" errors="1" timestamp="2025-05-04T23:28:37 IST" skipped="0">
  <testcase classname="Test_Runner.TestNG_TestRunner" name="runScenario" time="3.235">
    <error message="TODO: implement me" type="io.cucumber.java.PendingException">
      <![CDATA[io.cucumber.java.PendingException: TODO: implement me
at com.ragu.step_definitions.Practice.the_users_try_to_login(Practice.java:43)
at ✽.the users try to login(file:///C:/Users/Ragukumar/eclipse-workspace/ui_cucumber_project/src/test/resources/features/Practice.feature:8)
]]>
    </error>
  </testcase> <!-- runScenario -->
  <system-out/>
  <testcase classname="Test_Runner.TestNG_TestRunner" name="runScenario" time="0.007"/>
  <system-out/>
</testsuite> <!-- Test_Runner.TestNG_TestRunner -->
